  Source.cpp
Source.obj : error LNK2019: unresolved external symbol "void __cdecl cv::fastFree(void *)" (?fastFree@cv@@YAXPAX@Z) referenced in function "public: __thiscall cv::Mat::~Mat(void)" (??1Mat@cv@@QAE@XZ)
Source.obj : error LNK2019: unresolved external symbol "private: void __thiscall cv::String::deallocate(void)" (?deallocate@String@cv@@AAEXXZ) referenced in function "public: __thiscall cv::String::~String(void)" (??1String@cv@@QAE@XZ)
Source.obj : error LNK2019: unresolved external symbol "public: void __thiscall cv::Mat::convertTo(class cv::_OutputArray const &,int,double,double)const " (?convertTo@Mat@cv@@QBEXABV_OutputArray@2@HNN@Z) referenced in function _main
Source.obj : error LNK2019: unresolved external symbol "public: void __thiscall cv::Mat::deallocate(void)" (?deallocate@Mat@cv@@QAEXXZ) referenced in function "public: void __thiscall cv::Mat::release(void)" (?release@Mat@cv@@QAEXXZ)
Source.obj : error LNK2019: unresolved external symbol "public: __thiscall _IplImage::_IplImage(class cv::Mat const &)" (??0_IplImage@@QAE@ABVMat@cv@@@Z) referenced in function _main
Source.obj : error LNK2019: unresolved external symbol _cvCreateImage referenced in function _main
Source.obj : error LNK2019: unresolved external symbol _cvCloneImage referenced in function _main
Source.obj : error LNK2019: unresolved external symbol _cvSetImageROI referenced in function _main
Source.obj : error LNK2019: unresolved external symbol _cvResetImageROI referenced in function _main
Source.obj : error LNK2019: unresolved external symbol _cvGetSize referenced in function _main
Source.obj : error LNK2019: unresolved external symbol _cvAddS referenced in function _main
Source.obj : error LNK2019: unresolved external symbol _cvCreateMemStorage referenced in function _main
Source.obj : error LNK2019: unresolved external symbol "class cv::Mat __cdecl cv::cvarrToMat(void const *,bool,bool,int,class cv::AutoBuffer<double,136> *)" (?cvarrToMat@cv@@YA?AVMat@1@PBX_N1HPAV?$AutoBuffer@N$0II@@1@@Z) referenced in function _main
Source.obj : error LNK2019: unresolved external symbol _cvFindContours referenced in function _main
Source.obj : error LNK2019: unresolved external symbol _cvApproxPoly referenced in function _main
Source.obj : error LNK2019: unresolved external symbol _cvArcLength referenced in function _cvContourPerimeter
Source.obj : error LNK2019: unresolved external symbol _cvDrawContours referenced in function _main
Source.obj : error LNK2019: unresolved external symbol _cvCreateFileCapture referenced in function _main
Source.obj : error LNK2019: unresolved external symbol _cvQueryFrame referenced in function _main
Source.obj : error LNK2019: unresolved external symbol _cvReleaseCapture referenced in function _main
Source.obj : error LNK2019: unresolved external symbol _cvNamedWindow referenced in function _main
Source.obj : error LNK2019: unresolved external symbol _cvShowImage referenced in function _main
Source.obj : error LNK2019: unresolved external symbol _cvDestroyWindow referenced in function _main
Source.obj : error LNK2019: unresolved external symbol _cvWaitKey referenced in function _main
Source.obj : error LNK2019: unresolved external symbol "void __cdecl cv::Canny(class cv::_InputArray const &,class cv::_OutputArray const &,double,double,int,bool)" (?Canny@cv@@YAXABV_InputArray@1@ABV_OutputArray@1@NNH_N@Z) referenced in function _main
Source.obj : error LNK2019: unresolved external symbol "void __cdecl cv::cvtColor(class cv::_InputArray const &,class cv::_OutputArray const &,int,int)" (?cvtColor@cv@@YAXABV_InputArray@1@ABV_OutputArray@1@HH@Z) referenced in function _main
C:\opencv\build\x64\vc14\lib\opencv_world320.lib : warning LNK4272: library machine type 'x64' conflicts with target machine type 'X86'
C:\Users\osipp\Desktop\opencv\carVision\Debug\carVision.exe : fatal error LNK1120: 26 unresolved externals
